TN:
SF:client.js
FN:28,(anonymous_0)
FN:45,(anonymous_1)
FN:46,(anonymous_2)
FN:80,(anonymous_3)
FN:82,(anonymous_4)
FN:93,(anonymous_5)
FN:104,(anonymous_6)
FN:124,(anonymous_7)
FN:140,(anonymous_8)
FN:141,(anonymous_9)
FN:156,(anonymous_10)
FN:162,(anonymous_11)
FN:166,(anonymous_12)
FN:176,(anonymous_13)
FN:177,(anonymous_14)
FN:190,(anonymous_15)
FN:195,(anonymous_16)
FN:202,(anonymous_17)
FN:226,(anonymous_18)
FN:234,(anonymous_19)
FN:240,(anonymous_20)
FN:244,(anonymous_21)
FN:253,(anonymous_22)
FN:254,(anonymous_23)
FN:259,(anonymous_24)
FN:260,(anonymous_25)
FN:265,(anonymous_26)
FN:272,(anonymous_27)
FN:276,(anonymous_28)
FN:287,(anonymous_29)
FN:298,(anonymous_30)
FN:307,(anonymous_31)
FN:315,(anonymous_32)
FN:320,(anonymous_33)
FN:328,(anonymous_34)
FN:336,(anonymous_35)
FN:337,(anonymous_36)
FN:353,(anonymous_37)
FN:359,(anonymous_38)
FN:372,(anonymous_39)
FN:387,(anonymous_40)
FN:388,(anonymous_41)
FN:403,(anonymous_42)
FN:416,(anonymous_43)
FN:427,(anonymous_44)
FN:434,(anonymous_45)
FN:460,(anonymous_46)
FN:466,(anonymous_47)
FN:478,(anonymous_48)
FN:498,(anonymous_49)
FN:517,(anonymous_50)
FN:567,(anonymous_51)
FN:590,(anonymous_52)
FN:616,(anonymous_53)
FN:620,(anonymous_54)
FN:646,(anonymous_55)
FN:659,(anonymous_56)
FN:661,(anonymous_57)
FN:692,(anonymous_58)
FN:700,(anonymous_59)
FN:742,(anonymous_60)
FN:747,(anonymous_61)
FN:760,(anonymous_62)
FN:761,(anonymous_63)
FN:775,(anonymous_64)
FN:778,(anonymous_65)
FN:790,(anonymous_66)
FN:814,(anonymous_67)
FN:822,(anonymous_68)
FN:836,(anonymous_69)
FN:855,(anonymous_70)
FN:861,(anonymous_71)
FN:866,(anonymous_72)
FN:870,(anonymous_73)
FN:876,(anonymous_74)
FN:883,(anonymous_75)
FN:890,(anonymous_76)
FNF:77
FNH:39
FNDA:15,(anonymous_0)
FNDA:0,(anonymous_1)
FNDA:0,(anonymous_2)
FNDA:0,(anonymous_3)
FNDA:0,(anonymous_4)
FNDA:0,(anonymous_5)
FNDA:0,(anonymous_6)
FNDA:0,(anonymous_7)
FNDA:0,(anonymous_8)
FNDA:0,(anonymous_9)
FNDA:0,(anonymous_10)
FNDA:0,(anonymous_11)
FNDA:0,(anonymous_12)
FNDA:3,(anonymous_13)
FNDA:3,(anonymous_14)
FNDA:1,(anonymous_15)
FNDA:1,(anonymous_16)
FNDA:2,(anonymous_17)
FNDA:3,(anonymous_18)
FNDA:3,(anonymous_19)
FNDA:3,(anonymous_20)
FNDA:3,(anonymous_21)
FNDA:3,(anonymous_22)
FNDA:1,(anonymous_23)
FNDA:3,(anonymous_24)
FNDA:2,(anonymous_25)
FNDA:2,(anonymous_26)
FNDA:2,(anonymous_27)
FNDA:2,(anonymous_28)
FNDA:1,(anonymous_29)
FNDA:2,(anonymous_30)
FNDA:2,(anonymous_31)
FNDA:2,(anonymous_32)
FNDA:2,(anonymous_33)
FNDA:2,(anonymous_34)
FNDA:2,(anonymous_35)
FNDA:2,(anonymous_36)
FNDA:2,(anonymous_37)
FNDA:2,(anonymous_38)
FNDA:1,(anonymous_39)
FNDA:0,(anonymous_40)
FNDA:0,(anonymous_41)
FNDA:0,(anonymous_42)
FNDA:0,(anonymous_43)
FNDA:0,(anonymous_44)
FNDA:0,(anonymous_45)
FNDA:0,(anonymous_46)
FNDA:0,(anonymous_47)
FNDA:0,(anonymous_48)
FNDA:1,(anonymous_49)
FNDA:2,(anonymous_50)
FNDA:0,(anonymous_51)
FNDA:0,(anonymous_52)
FNDA:0,(anonymous_53)
FNDA:0,(anonymous_54)
FNDA:0,(anonymous_55)
FNDA:0,(anonymous_56)
FNDA:0,(anonymous_57)
FNDA:0,(anonymous_58)
FNDA:0,(anonymous_59)
FNDA:0,(anonymous_60)
FNDA:0,(anonymous_61)
FNDA:0,(anonymous_62)
FNDA:0,(anonymous_63)
FNDA:0,(anonymous_64)
FNDA:0,(anonymous_65)
FNDA:0,(anonymous_66)
FNDA:5,(anonymous_67)
FNDA:5,(anonymous_68)
FNDA:3,(anonymous_69)
FNDA:1,(anonymous_70)
FNDA:1,(anonymous_71)
FNDA:0,(anonymous_72)
FNDA:1,(anonymous_73)
FNDA:1,(anonymous_74)
FNDA:1,(anonymous_75)
FNDA:2,(anonymous_76)
DA:17,1
DA:18,1
DA:19,1
DA:20,1
DA:22,1
DA:29,15
DA:30,15
DA:31,15
DA:32,15
DA:33,15
DA:34,15
DA:35,15
DA:46,0
DA:47,0
DA:48,0
DA:52,0
DA:53,0
DA:54,0
DA:62,0
DA:63,0
DA:65,0
DA:69,0
DA:80,0
DA:81,0
DA:83,0
DA:95,0
DA:96,0
DA:97,0
DA:104,0
DA:105,0
DA:109,0
DA:110,0
DA:111,0
DA:113,0
DA:114,0
DA:116,0
DA:125,0
DA:126,0
DA:130,0
DA:131,0
DA:132,0
DA:133,0
DA:141,0
DA:142,0
DA:143,0
DA:147,0
DA:156,0
DA:157,0
DA:158,0
DA:159,0
DA:160,0
DA:161,0
DA:163,0
DA:166,0
DA:167,0
DA:177,3
DA:178,3
DA:179,1
DA:183,3
DA:190,3
DA:191,1
DA:195,2
DA:196,1
DA:197,1
DA:198,1
DA:199,1
DA:201,1
DA:202,1
DA:203,2
DA:204,2
DA:205,2
DA:208,2
DA:209,2
DA:211,2
DA:214,1
DA:227,3
DA:228,0
DA:231,3
DA:232,3
DA:234,3
DA:235,3
DA:236,3
DA:241,3
DA:245,3
DA:246,3
DA:248,0
DA:249,0
DA:254,3
DA:255,1
DA:260,3
DA:261,2
DA:262,2
DA:263,2
DA:264,2
DA:265,2
DA:269,3
DA:273,2
DA:277,2
DA:278,1
DA:281,1
DA:282,1
DA:284,1
DA:288,1
DA:295,1
DA:299,2
DA:308,2
DA:309,0
DA:312,2
DA:313,2
DA:315,2
DA:316,2
DA:321,2
DA:329,2
DA:330,2
DA:332,0
DA:337,2
DA:338,2
DA:339,2
DA:340,2
DA:342,2
DA:343,1
DA:345,1
DA:350,2
DA:354,2
DA:360,2
DA:361,2
DA:363,2
DA:364,1
DA:365,1
DA:369,1
DA:373,1
DA:374,1
DA:375,1
DA:376,1
DA:377,1
DA:379,1
DA:388,0
DA:389,0
DA:390,0
DA:394,0
DA:403,0
DA:405,0
DA:409,0
DA:412,0
DA:413,0
DA:415,0
DA:417,0
DA:428,0
DA:429,0
DA:430,0
DA:434,0
DA:435,0
DA:439,0
DA:440,0
DA:441,0
DA:442,0
DA:444,0
DA:445,0
DA:446,0
DA:450,0
DA:451,0
DA:461,0
DA:462,0
DA:466,0
DA:467,0
DA:470,0
DA:479,0
DA:480,0
DA:484,0
DA:490,0
DA:499,1
DA:500,0
DA:504,1
DA:510,1
DA:518,2
DA:519,1
DA:523,1
DA:528,1
DA:531,1
DA:555,1
DA:558,1
DA:559,1
DA:569,0
DA:583,0
DA:591,0
DA:593,0
DA:598,0
DA:601,0
DA:602,0
DA:603,0
DA:607,0
DA:618,0
DA:619,0
DA:620,0
DA:622,0
DA:623,0
DA:627,0
DA:644,0
DA:645,0
DA:646,0
DA:647,0
DA:648,0
DA:649,0
DA:650,0
DA:661,0
DA:662,0
DA:663,0
DA:664,0
DA:665,0
DA:666,0
DA:668,0
DA:669,0
DA:670,0
DA:671,0
DA:674,0
DA:675,0
DA:676,0
DA:677,0
DA:680,0
DA:693,0
DA:694,0
DA:696,0
DA:697,0
DA:700,0
DA:701,0
DA:705,0
DA:706,0
DA:711,0
DA:712,0
DA:714,0
DA:727,0
DA:728,0
DA:732,0
DA:733,0
DA:743,0
DA:744,0
DA:747,0
DA:748,0
DA:751,0
DA:761,0
DA:762,0
DA:763,0
DA:767,0
DA:775,0
DA:776,0
DA:777,0
DA:779,0
DA:780,0
DA:791,0
DA:792,0
DA:796,0
DA:797,0
DA:800,0
DA:803,0
DA:808,0
DA:815,5
DA:816,0
DA:819,5
DA:823,5
DA:825,4
DA:830,4
DA:831,4
DA:832,4
DA:837,3
DA:838,3
DA:839,3
DA:841,3
DA:847,3
DA:848,3
DA:849,2
DA:850,1
DA:851,1
DA:856,1
DA:857,1
DA:862,1
DA:863,1
DA:867,0
DA:871,1
DA:872,1
DA:873,1
DA:877,1
DA:878,1
DA:879,1
DA:880,1
DA:884,1
DA:885,1
DA:886,1
DA:887,1
DA:891,2
DA:896,1
LF:290
LH:132
BRDA:47,0,0,0
BRDA:47,0,1,0
BRDA:113,1,0,0
BRDA:113,1,1,0
BRDA:125,2,0,0
BRDA:125,2,1,0
BRDA:142,3,0,0
BRDA:142,3,1,0
BRDA:178,4,0,1
BRDA:178,4,1,2
BRDA:196,5,0,1
BRDA:196,5,1,0
BRDA:196,6,0,1
BRDA:196,6,1,1
BRDA:198,7,0,1
BRDA:198,7,1,0
BRDA:204,8,0,2
BRDA:204,8,1,0
BRDA:208,9,0,2
BRDA:208,9,1,0
BRDA:209,10,0,0
BRDA:209,10,1,2
BRDA:209,11,0,2
BRDA:209,11,1,0
BRDA:226,12,0,2
BRDA:226,13,0,3
BRDA:227,14,0,0
BRDA:227,14,1,3
BRDA:261,15,0,2
BRDA:261,15,1,0
BRDA:273,16,0,2
BRDA:273,16,1,2
BRDA:277,17,0,1
BRDA:277,17,1,1
BRDA:295,18,0,1
BRDA:295,18,1,1
BRDA:308,19,0,0
BRDA:308,19,1,2
BRDA:338,20,0,2
BRDA:338,20,1,0
BRDA:342,21,0,1
BRDA:342,21,1,1
BRDA:354,22,0,2
BRDA:354,22,1,2
BRDA:354,22,2,2
BRDA:364,23,0,1
BRDA:364,23,1,0
BRDA:374,24,0,1
BRDA:374,24,1,0
BRDA:376,25,0,1
BRDA:376,25,1,0
BRDA:377,26,0,0
BRDA:377,26,1,1
BRDA:377,27,0,1
BRDA:377,27,1,0
BRDA:389,28,0,0
BRDA:389,28,1,0
BRDA:429,29,0,0
BRDA:429,29,1,0
BRDA:439,30,0,0
BRDA:439,30,1,0
BRDA:450,31,0,0
BRDA:450,31,1,0
BRDA:461,32,0,0
BRDA:461,32,1,0
BRDA:479,33,0,0
BRDA:479,33,1,0
BRDA:499,34,0,0
BRDA:499,34,1,1
BRDA:518,35,0,1
BRDA:518,35,1,1
BRDA:622,36,0,0
BRDA:622,36,1,0
BRDA:662,37,0,0
BRDA:662,37,1,0
BRDA:662,38,0,0
BRDA:662,38,1,0
BRDA:665,39,0,0
BRDA:665,39,1,0
BRDA:665,40,0,0
BRDA:665,40,1,0
BRDA:665,40,2,0
BRDA:666,41,0,0
BRDA:666,41,1,0
BRDA:693,42,0,0
BRDA:693,42,1,0
BRDA:705,43,0,0
BRDA:705,43,1,0
BRDA:732,44,0,0
BRDA:732,44,1,0
BRDA:743,45,0,0
BRDA:743,45,1,0
BRDA:760,46,0,0
BRDA:762,47,0,0
BRDA:762,47,1,0
BRDA:790,48,0,0
BRDA:791,49,0,0
BRDA:791,49,1,0
BRDA:805,50,0,0
BRDA:805,50,1,0
BRDA:815,51,0,0
BRDA:815,51,1,5
BRDA:823,52,0,1
BRDA:823,52,1,4
BRDA:831,53,0,4
BRDA:831,53,1,0
BRDA:848,54,0,2
BRDA:848,54,1,1
BRDA:848,55,0,3
BRDA:848,55,1,2
BRDA:850,56,0,1
BRDA:850,56,1,0
BRDA:856,57,0,1
BRDA:856,57,1,0
BRDA:890,58,0,2
BRDA:891,59,0,0
BRDA:891,59,1,2
BRF:117
BRH:47
end_of_record
